c:\users\hp\desktop\findsubstring\findsubstring\findsubstring\debug\findsubstring.pch
c:\users\hp\desktop\findsubstring\findsubstring\findsubstring\debug\vc141.pdb
c:\users\hp\desktop\findsubstring\findsubstring\findsubstring\debug\vc141.idb
c:\users\hp\desktop\findsubstring\findsubstring\findsubstring\debug\stdafx.obj
c:\users\hp\desktop\findsubstring\findsubstring\findsubstring\debug\findsubstring.obj
c:\users\hp\desktop\findsubstring\findsubstring\findsubstring\debug\dllmain.obj
c:\users\hp\desktop\findsubstring\findsubstring\debug\findsubstring.lib
c:\users\hp\desktop\findsubstring\findsubstring\debug\findsubstring.exp
c:\users\hp\desktop\findsubstring\findsubstring\debug\findsubstring.ilk
c:\users\hp\desktop\findsubstring\findsubstring\debug\findsubstring.dll
c:\users\hp\desktop\findsubstring\findsubstring\debug\findsubstring.pdb
c:\users\hp\desktop\findsubstring1\findsubstring\findsubstring\debug\dllmain.obj
c:\users\hp\desktop\findsubstring1\findsubstring\findsubstring\debug\findsubstring.obj
c:\users\hp\desktop\findsubstring1\findsubstring\findsubstring\debug\stdafx.obj
c:\users\hp\desktop\findsubstring1\findsubstring\findsubstring\debug\findsubstring.pch
c:\users\hp\desktop\findsubstring1\findsubstring\findsubstring\debug\vc141.idb
c:\users\hp\desktop\findsubstring1\findsubstring\findsubstring\debug\vc141.pdb
c:\users\hp\desktop\findsubstring1\findsubstring\debug\findsubstring.pdb
c:\users\hp\desktop\findsubstring1\findsubstring\debug\findsubstring.dll
c:\users\hp\desktop\findsubstring1\findsubstring\debug\findsubstring.ilk
c:\users\hp\desktop\findsubstring1\findsubstring\findsubstring\debug\findsubstring.tlog\cl.command.1.tlog
c:\users\hp\desktop\findsubstring1\findsubstring\findsubstring\debug\findsubstring.tlog\cl.read.1.tlog
c:\users\hp\desktop\findsubstring1\findsubstring\findsubstring\debug\findsubstring.tlog\cl.write.1.tlog
c:\users\hp\desktop\findsubstring1\findsubstring\findsubstring\debug\findsubstring.tlog\findsubstring.write.1u.tlog
c:\users\hp\desktop\findsubstring1\findsubstring\findsubstring\debug\findsubstring.tlog\link.command.1.tlog
c:\users\hp\desktop\findsubstring1\findsubstring\findsubstring\debug\findsubstring.tlog\link.read.1.tlog
c:\users\hp\desktop\findsubstring1\findsubstring\findsubstring\debug\findsubstring.tlog\link.write.1.tlog
