c:\users\hp\desktop\mangle\mangle\mangle\debug\mangle.pch
c:\users\hp\desktop\mangle\mangle\mangle\debug\vc141.pdb
c:\users\hp\desktop\mangle\mangle\mangle\debug\vc141.idb
c:\users\hp\desktop\mangle\mangle\mangle\debug\stdafx.obj
c:\users\hp\desktop\mangle\mangle\mangle\debug\mangle.obj
c:\users\hp\desktop\mangle\mangle\mangle\debug\dllmain.obj
c:\users\hp\desktop\mangle\mangle\debug\mangle.ilk
c:\users\hp\desktop\mangle\mangle\debug\mangle.dll
c:\users\hp\desktop\mangle\mangle\debug\mangle.pdb
c:\users\hp\desktop\mangle\mangle\debug\mangle.lib
c:\users\hp\desktop\mangle\mangle\debug\mangle.exp
c:\users\hp\desktop\mangle - 副本\mangle\mangle\debug\dllmain.obj
c:\users\hp\desktop\mangle - 副本\mangle\mangle\debug\mangle.obj
c:\users\hp\desktop\mangle - 副本\mangle\mangle\debug\stdafx.obj
c:\users\hp\desktop\mangle - 副本\mangle\mangle\debug\mangle.pch
c:\users\hp\desktop\mangle - 副本\mangle\mangle\debug\vc141.idb
c:\users\hp\desktop\mangle - 副本\mangle\mangle\debug\vc141.pdb
c:\users\hp\desktop\mangle - 副本\mangle\mangle\debug\mangle.tlog\cl.command.1.tlog
c:\users\hp\desktop\mangle - 副本\mangle\mangle\debug\mangle.tlog\cl.read.1.tlog
c:\users\hp\desktop\mangle - 副本\mangle\mangle\debug\mangle.tlog\cl.write.1.tlog
c:\users\hp\desktop\mangle - 副本\mangle\mangle\debug\mangle.tlog\link.command.1.tlog
c:\users\hp\desktop\mangle - 副本\mangle\mangle\debug\mangle.tlog\link.read.1.tlog
c:\users\hp\desktop\mangle - 副本\mangle\mangle\debug\mangle.tlog\link.write.1.tlog
c:\users\hp\desktop\mangle - 副本\mangle\mangle\debug\mangle.tlog\mangle.write.1u.tlog
